<?xml version="1.0" encoding="UTF-8"?>
<!-- Generated by org.testng.reporters.JUnitReportReporter -->
<testsuite hostname="SKY-20160512PJZ" name="selenium_api.Topic_02_Exercise_XpathUse" tests="4" failures="0" timestamp="18 May 2018 16:07:31 GMT" time="17.417" errors="0">
  <testcase name="TC_01_Login_Empty" time="2.557" classname="selenium_api.Topic_02_Exercise_XpathUse"/>
  <testcase name="TC_03_Login_Invalid_Password" time="3.051" classname="selenium_api.Topic_02_Exercise_XpathUse"/>
  <testcase name="TC_04_Create_Account_Successfully" time="8.096" classname="selenium_api.Topic_02_Exercise_XpathUse"/>
  <testcase name="TC_02_Login_Invalid_Email" time="3.713" classname="selenium_api.Topic_02_Exercise_XpathUse"/>
</testsuite> <!-- selenium_api.Topic_02_Exercise_XpathUse -->
