<?xml version="1.0" encoding="UTF-8"?>
<!-- Generated by org.testng.reporters.JUnitReportReporter -->
<testsuite hostname="SKY-20160512PJZ" name="selenium_api.Topic_03_Exercise_Browser_WebElement" tests="1" failures="0" timestamp="21 May 2018 17:00:05 GMT" time="1.977" errors="0">
  <testcase name="TC_01_Login_Empty" time="1.977" classname="selenium_api.Topic_03_Exercise_Browser_WebElement"/>
</testsuite> <!-- selenium_api.Topic_03_Exercise_Browser_WebElement -->
